chaogao/proguard-project.txt

-optimizationpasses 5
-dontusemixedcaseclassnames
-dontskipnonpubliclibraryclasses
-dontpreverify
-verbose
-optimizations !code/simplification/arithmetic,!field/*,!class/merging/*
-ignorewarnings
-keepattributes Signature

# 记录生成的日志数据，在 proguard 目录下

-dump class_files.txt

-printseeds seeds.txt

-printusage unused.txt

-printmapping mapping.txt

-keep public class * extends android.app.Activity
-keep public class * extends android.webkit.WebView
-keep public class * extends android.app.Application
-keep public class * extends android.app.Service
-keep public class * extends android.content.BroadcastReceiver
-keep public class * extends android.content.ContentProvider
-keep public class * extends android.app.backup.BackupAgentHelper
-keep public class * extends android.preference.Preference
-keep public class * extends android.support.v4.app.FragmentActivity
-keep public class * extends android.support.v4.app.Fragment
-keep public class com.android.vending.licensing.ILicensingService

-keep class com.tencent.open.TDialog$*
-keep class com.tencent.open.TDialog$* {*;}
-keep class com.tencent.open.PKDialog
-keep class com.tencent.open.PKDialog {*;}
-keep class com.tencent.open.PKDialog$*
-keep class com.tencent.open.PKDialog$* {*;}

-keepclasseswithmembernames class * {
    native <methods>;
}

-keepclasseswithmembers class * {
    public <init>(android.content.Context, android.util.AttributeSet);
}

-keepclasseswithmembers class * {
    public <init>(android.content.Context, android.util.AttributeSet, int);
}

-keepclassmembers class * extends android.app.Activity {
   public void *(android.view.View);
}

-keepclassmembers enum * {
    public static **[] values();
    public static ** valueOf(java.lang.String);
}

-keep class * implements android.os.Parcelable {
  public static final android.os.Parcelable$Creator *;
}

-dontwarn java.util.** 
-keep class java.util.** {*; }


-dontwarn org.apache.http.** 
-keep class org.apache.http.** {*; }

-dontwarn com.umeng.** 
-keep class com.umeng*.** {*; }

-dontwarn com.tencent.**
-keep class com.tencent.** {*;} 


-dontwarn com.android.**
-keep class com.android.** { *; }

-dontwarn android.support.**
-keep class android.support.** { *; }

-dontwarn org.apache.**
-keep class org.apache.** { *; }

-keepclassmembers class * implements java.io.Serializable {
    static final long serialVersionUID;
    private static final java.io.ObjectStreamField[] serialPersistentFields;
    private void writeObject(java.io.ObjectOutputStream);
    private void readObject(java.io.ObjectInputStream);
    java.lang.Object writeReplace();
    java.lang.Object readResolve();
}

-keep public class * implements java.io.Serializable {*;}

#weixin
-keep class com.tencent.mm.sdk.openapi.WXMediaMessage {*;}

-keep class com.tencent.mm.sdk.openapi.** implements com.tencent.mm.sdk.openapi.WXMediaMessage$IMediaObject {*;}


# Gson uses generic type information stored in a class file when working with fields. Proguard
# removes such information by default, so configure it to keep all of it.
-keepattributes Signature
# For using GSON @Expose annotation
-keepattributes *Annotation*
#-libraryjars libs/gson-2.2.4.jar
#-keep class sun.misc.Unsafe { *; } 
#-dontwarn com.google.**
#-keep class com.google.** { *; }

#-libraryjars /libs/afinal_0.51_bin.jar
#-dontwarn net.tsz.afinal.**
#-keep class net.tsz.afinal.** { *;}
#-keep class com.spriteapp.reader.manager.*
#-keep class com.spriteapp.reader.bean.** { *;}


#youmeng auto update
-keepclassmembers class * {
   public <init>(org.json.JSONObject);
}
#-keep public class com.spriteapp.reader.R$*{
#public static final int *;
#}
-keep public class com.umeng.fb.ui.ThreadView {
}

#-keepclassmembers com.spriteapp.reader.activity.read.*
#-keepclassmembers class com.spriteapp.reader.activity.fragment.ReaderWebViewFragment$JSHelper {
#   public *;
#}

#-keepclassmembers class cn.xx.xx.Activity$AppAndroid {
#  public *;
#}

#-keepattributes *Annotation*
#-keepattributes *JavascriptInterface*