chaogao/proguard/seeds.txt
android.support.v4.view.KeyEventCompatEclair
android.support.v4.view.KeyEventCompatEclair: KeyEventCompatEclair()
android.support.v4.view.KeyEventCompatEclair: java.lang.Object getKeyDispatcherState(android.view.View)
android.support.v4.view.KeyEventCompatEclair: boolean dispatch(android.view.KeyEvent,android.view.KeyEvent$Callback,java.lang.Object,java.lang.Object)
android.support.v4.view.KeyEventCompatEclair: void startTracking(android.view.KeyEvent)
android.support.v4.view.KeyEventCompatEclair: boolean isTracking(android.view.KeyEvent)
android.support.v4.view.KeyEventCompatHoneycomb
android.support.v4.view.KeyEventCompatHoneycomb: KeyEventCompatHoneycomb()
android.support.v4.view.KeyEventCompatHoneycomb: int normalizeMetaState(int)
android.support.v4.view.KeyEventCompatHoneycomb: boolean metaStateHasModifiers(int,int)
android.support.v4.view.KeyEventCompatHoneycomb: boolean metaStateHasNoModifiers(int)
android.support.v4.view.MarginLayoutParamsCompat
android.support.v4.view.MarginLayoutParamsCompat: android.support.v4.view.MarginLayoutParamsCompat$MarginLayoutParamsCompatImpl IMPL
android.support.v4.view.MarginLayoutParamsCompat: MarginLayoutParamsCompat()
android.support.v4.view.MarginLayoutParamsCompat: int getMarginStart(android.view.ViewGroup$MarginLayoutParams)
android.support.v4.view.MarginLayoutParamsCompat: int getMarginEnd(android.view.ViewGroup$MarginLayoutParams)
android.support.v4.view.MarginLayoutParamsCompat: void setMarginStart(android.view.ViewGroup$MarginLayoutParams,int)
android.support.v4.view.MarginLayoutParamsCompat: void setMarginEnd(android.view.ViewGroup$MarginLayoutParams,int)
android.support.v4.view.MarginLayoutParamsCompat: boolean isMarginRelative(android.view.ViewGroup$MarginLayoutParams)
android.support.v4.view.MarginLayoutParamsCompat: int getLayoutDirection(android.view.ViewGroup$MarginLayoutParams)
android.support.v4.view.MarginLayoutParamsCompat: void setLayoutDirection(android.view.ViewGroup$MarginLayoutParams,int)
android.support.v4.view.MarginLayoutParamsCompat: void resolveLayoutDirection(android.view.ViewGroup$MarginLayoutParams,int)
android.support.v4.view.MarginLayoutParamsCompat: void <clinit>()
android.support.v4.view.MarginLayoutParamsCompat$MarginLayoutParamsCompatImpl
android.support.v4.view.MarginLayoutParamsCompat$MarginLayoutParamsCompatImpl: int getMarginStart(android.view.ViewGroup$MarginLayoutParams)
android.support.v4.view.MarginLayoutParamsCompat$MarginLayoutParamsCompatImpl: int getMarginEnd(android.view.ViewGroup$MarginLayoutParams)
android.support.v4.view.MarginLayoutParamsCompat$MarginLayoutParamsCompatImpl: void setMarginStart(android.view.ViewGroup$MarginLayoutParams,int)
android.support.v4.view.MarginLayoutParamsCompat$MarginLayoutParamsCompatImpl: void setMarginEnd(android.view.ViewGroup$MarginLayoutParams,int)
android.support.v4.view.MarginLayoutParamsCompat$MarginLayoutParamsCompatImpl: boolean isMarginRelative(android.view.ViewGroup$MarginLayoutParams)
android.support.v4.view.MarginLayoutParamsCompat$MarginLayoutParamsCompatImpl: int getLayoutDirection(android.view.ViewGroup$MarginLayoutParams)
android.support.v4.view.MarginLayoutParamsCompat$MarginLayoutParamsCompatImpl: void setLayoutDirection(android.view.ViewGroup$MarginLayoutParams,int)
android.support.v4.view.MarginLayoutParamsCompat$MarginLayoutParamsCompatImpl: void resolveLayoutDirection(android.view.ViewGroup$MarginLayoutParams,int)