chaogao/proguard/mapping.txt
android.support.v4.app.NotificationCompat$Action$Builder -> android.support.v4.app.NotificationCompat$Action$Builder:
    int mIcon -> mIcon
    java.lang.CharSequence mTitle -> mTitle
    android.app.PendingIntent mIntent -> mIntent
    android.os.Bundle mExtras -> mExtras
    java.util.ArrayList mRemoteInputs -> mRemoteInputs
    android.support.v4.app.NotificationCompat$Action$Builder addExtras(android.os.Bundle) -> addExtras
    android.os.Bundle getExtras() -> getExtras
    android.support.v4.app.NotificationCompat$Action$Builder addRemoteInput(android.support.v4.app.RemoteInput) -> addRemoteInput
    android.support.v4.app.NotificationCompat$Action$Builder extend(android.support.v4.app.NotificationCompat$Action$Extender) -> extend
    android.support.v4.app.NotificationCompat$Action build() -> build
android.support.v4.app.NotificationCompat$Action$Extender -> android.support.v4.app.NotificationCompat$Action$Extender:
    android.support.v4.app.NotificationCompat$Action$Builder extend(android.support.v4.app.NotificationCompat$Action$Builder) -> extend
android.support.v4.app.NotificationCompat$Action$WearableExtender -> android.support.v4.app.NotificationCompat$Action$WearableExtender:
    java.lang.String EXTRA_WEARABLE_EXTENSIONS -> EXTRA_WEARABLE_EXTENSIONS
    java.lang.String KEY_FLAGS -> KEY_FLAGS
    int FLAG_AVAILABLE_OFFLINE -> FLAG_AVAILABLE_OFFLINE
    int DEFAULT_FLAGS -> DEFAULT_FLAGS
    int mFlags -> mFlags
    android.support.v4.app.NotificationCompat$Action$Builder extend(android.support.v4.app.NotificationCompat$Action$Builder) -> extend
    android.support.v4.app.NotificationCompat$Action$WearableExtender clone() -> clone
    android.support.v4.app.NotificationCompat$Action$WearableExtender setAvailableOffline(boolean) -> setAvailableOffline
    boolean isAvailableOffline() -> isAvailableOffline
    void setFlag(int,boolean) -> setFlag
    java.lang.Object clone() -> clone
android.support.v4.app.NotificationCompat$BigPictureStyle -> android.support.v4.app.NotificationCompat$BigPictureStyle:
    android.graphics.Bitmap mPicture -> mPicture
    android.graphics.Bitmap mBigLargeIcon -> mBigLargeIcon
    boolean mBigLargeIconSet -> mBigLargeIconSet
    android.support.v4.app.NotificationCompat$BigPictureStyle setBigContentTitle(java.lang.CharSequence) -> setBigContentTitle
    android.support.v4.app.NotificationCompat$BigPictureStyle setSummaryText(java.lang.CharSequence) -> setSummaryText
    android.support.v4.app.NotificationCompat$BigPictureStyle bigPicture(android.graphics.Bitmap) -> bigPicture
    android.support.v4.app.NotificationCompat$BigPictureStyle bigLargeIcon(android.graphics.Bitmap) -> bigLargeIcon
android.support.v4.app.NotificationCompat$BigTextStyle -> android.support.v4.app.NotificationCompat$BigTextStyle:
    java.lang.CharSequence mBigText -> mBigText
    android.support.v4.app.NotificationCompat$BigTextStyle setBigContentTitle(java.lang.CharSequence) -> setBigContentTitle
    android.support.v4.app.NotificationCompat$BigTextStyle setSummaryText(java.lang.CharSequence) -> setSummaryText
    android.support.v4.app.NotificationCompat$BigTextStyle bigText(java.lang.CharSequence) -> bigText