chaogao/proguard/usage.txt
com.libs.share.platform.ShareToTencentQQ:
    93:93:public void logout()
    147:181:public void shareApp(java.lang.String,java.lang.String)
com.libs.share.platform.ShareToWeiXin:
    public static final int WEIXIN_FRIEND
    public static final int WEIXIN_FRIENDSTER
    46:46:private boolean isWeiXinFriendsterSupported()
    174:190:public void shareApp(int,java.lang.String)
com.libs.share.platform.SinaWeiBo:
    157:170:public void onResponse(com.sina.weibo.sdk.api.share.BaseResponse)
com.libs.share.platform.Util
com.libs.share.platform.Util$1
com.libs.utils.AndroidUtils:
    private static long lastClickTime
    37:37:public AndroidUtils()
    46:52:public static java.lang.String getDeviceId(android.content.Context)
    63:68:public static java.lang.String getMacAddress(android.content.Context)
    105:105:public static java.lang.String getSystemVersion()
    114:122:public static java.lang.String getVersionName(android.content.Context)
    131:139:public static int getVersionCode(android.content.Context)
    150:156:public static android.os.Bundle getApplicaitonMetaData(android.app.Application)
    164:167:public static boolean isSDCardMounted()
    179:181:public static void showInputMethod(android.app.Activity,android.view.View)
    191:192:public static int getScreenWidth(android.app.Activity)
    203:204:public static int getScreenHeight(android.app.Activity)
    215:222:public static boolean checkApkExist(android.content.Context,java.lang.String)
    230:253:public static java.lang.String FormatFileSize(long)
    264:274:public static long getFileSize(java.io.File)
    283:300:public static void recursionDeleteFile(java.io.File)
    341:347:public static boolean isFastDoubleClick()
    352:360:public static java.lang.String getFromAssets(android.content.Context,java.lang.String)
    365:374:public static java.lang.String ToDBC(java.lang.String)
    378:382:public static java.lang.String stringFilter(java.lang.String)
com.libs.utils.BitmapUtil:
    private static final java.lang.String TAG
    public static final int ROTATE_TYPE_NONE
    public static final int ROTATE_TYPE_LEFT
    public static final int ROTATE_TYPE_RIGHT
    public static final int ROTATE_TYPE_180_DEGREES
    26:26:public BitmapUtil()
    46:71:public static android.graphics.Bitmap rotateBitmap(android.graphics.Bitmap,int)
    76:91:private static android.graphics.Bitmap rotate(android.graphics.Bitmap,float)
    100:105:public static void recycleBitmap(android.graphics.Bitmap)
    108:120:public static boolean saveBitmapToFile(android.graphics.Bitmap,java.lang.String,android.graphics.Bitmap$CompressFormat)
    137:161:public static android.graphics.Bitmap getCompressBitmap(java.lang.String,float,float)
    172:191:private static android.graphics.Bitmap compressBitmap(android.graphics.Bitmap,float)
    202:208:public static android.graphics.Bitmap takeScreenShot(android.app.Activity,int,int,int,int)
    212:243:public static android.graphics.Bitmap getCompressBitmapNew(java.lang.String,float,long)
    254:268:public static long getFileSize(java.lang.String)
    280:289:public static android.graphics.Bitmap getSmallBitmap(java.lang.String,int)
    293:354:public static android.graphics.Bitmap bmpToByteArray(java.lang.String,boolean)
    373:375:public static byte[] BitmapToBytes(android.graphics.Bitmap)
    379:381:public static byte[] BitmapToBytesNoCompress(android.graphics.Bitmap)
com.libs.utils.FriendDateFormat:
    11:11:public FriendDateFormat()
    28:29:public static java.lang.String friendlyTime(java.lang.String)
    98:100:public static java.util.Date toDate(java.lang.String)